<?xml version="1.0" encoding="UTF-8"?>
<testsuite xmlns:xsi="http://www.w3.org/2001/XMLSchema-instance" xsi:noNamespaceSchemaLocation="https://maven.apache.org/surefire/maven-surefire-plugin/xsd/surefire-test-report.xsd" version="3.0.2" name="com.example.BankTransactionService.BankTransactionServiceApplicationTests" time="9.338" tests="1" errors="0" skipped="0" failures="0">
  <properties>
[...]
</properties>
  <testcase name="testConnectionWithDB" classname="com.example.BankTransactionService.BankTransactionServiceApplicationTests" time="0.015">
    <system-out><![CDATA[11:13:21.183 [main] INFO org.springframework.test.context.support.AnnotationConfigContextLoaderUtils -- Could not detect default configuration classes for test class [com.example.BankTransactionService.BankTransactionServiceApplicationTests]: BankTransactionServiceApplicationTests does not declare any static, non-private, non-final, nested classes annotated with @Configuration.
11:13:21.267 [main] INFO org.springframework.boot.test.context.SpringBootTestContextBootstrapper -- Found @SpringBootConfiguration com.example.BankTransactionService.BankTransactionServiceApplication for test class com.example.BankTransactionService.BankTransactionServiceApplicationTests
11:13:21.367 [main] INFO org.testcontainers.images.PullPolicy -- Image pull policy will be performed by: DefaultPullPolicy()
11:13:21.370 [main] INFO org.testcontainers.utility.ImageNameSubstitutor -- Image name substitution will be performed by: DefaultImageNameSubstitutor (composite of 'ConfigurationFileImageNameSubstitutor' and 'PrefixingImageNameSubstitutor')
11:13:21.376 [main] INFO org.testcontainers.DockerClientFactory -- Testcontainers version: 1.20.6
11:13:21.533 [main] INFO org.testcontainers.dockerclient.DockerClientProviderStrategy -- Loaded org.testcontainers.dockerclient.UnixSocketClientProviderStrategy from ~/.testcontainers.properties, will try it first
11:13:21.728 [main] INFO org.testcontainers.dockerclient.DockerClientProviderStrategy -- Found Docker environment with local Unix socket (unix:///var/run/docker.sock)
11:13:21.729 [main] INFO org.testcontainers.DockerClientFactory -- Docker host IP address is localhost
11:13:21.741 [main] INFO org.testcontainers.DockerClientFactory -- Connected to docker: 
  Server Version: 27.5.1
  API Version: 1.47
  Operating System: Ubuntu Core 22
  Total Memory: 15379 MB
11:13:21.761 [main] INFO tc.testcontainers/ryuk:0.11.0 -- Creating container for image: testcontainers/ryuk:0.11.0
11:13:22.381 [main] INFO tc.testcontainers/ryuk:0.11.0 -- Container testcontainers/ryuk:0.11.0 is starting: 0fbf8dee225c88a0c29fb0c353fe98134b9d752a816f46a1a54ee06585c32569
11:13:22.622 [main] INFO tc.testcontainers/ryuk:0.11.0 -- Container testcontainers/ryuk:0.11.0 started in PT0.860910937S
11:13:22.625 [main] INFO org.testcontainers.utility.RyukResourceReaper -- Ryuk started - will monitor and terminate Testcontainers containers on JVM exit
11:13:22.626 [main] INFO org.testcontainers.DockerClientFactory -- Checking the system...
11:13:22.626 [main] INFO org.testcontainers.DockerClientFactory -- ✔︎ Docker server version should be at least 1.6.0
11:13:22.626 [main] INFO tc.postgres:16-alpine -- Creating container for image: postgres:16-alpine
11:13:22.660 [main] INFO tc.postgres:16-alpine -- Container postgres:16-alpine is starting: 5708815a1b2d4f84fd34c29ad9be380b868c304a98d3322162e122eb74179c6e
11:13:24.024 [main] INFO tc.postgres:16-alpine -- Container postgres:16-alpine started in PT1.397461259S
11:13:24.024 [main] INFO tc.postgres:16-alpine -- Container is started (JDBC URL: jdbc:postgresql://localhost:32813/test?loggerLevel=OFF)

  .   ____          _            __ _ _
 /\\ / ___'_ __ _ _(_)_ __  __ _ \ \ \ \
( ( )\___ | '_ | '_| | '_ \/ _` | \ \ \ \
 \\/  ___)| |_)| | | | | || (_| |  ) ) ) )
  '  |____| .__|_| |_|_| |_\__, | / / / /
 =========|_|==============|___/=/_/_/_/

 :: Spring Boot ::                (v3.4.4)

2025-04-10T11:13:24.230+03:00  INFO 71632 --- [           main] B.BankTransactionServiceApplicationTests : Starting BankTransactionServiceApplicationTests using Java 17.0.14 with PID 71632 (started by sergey in /home/sergey/Документы/Мои тестовые проекты/BankTransactionService)
2025-04-10T11:13:24.232+03:00  INFO 71632 --- [           main] B.BankTransactionServiceApplicationTests : No active profile set, falling back to 1 default profile: "default"
2025-04-10T11:13:24.614+03:00  INFO 71632 --- [           main] .s.d.r.c.RepositoryConfigurationDelegate : Bootstrapping Spring Data JPA repositories in DEFAULT mode.
2025-04-10T11:13:24.652+03:00  INFO 71632 --- [           main] .s.d.r.c.RepositoryConfigurationDelegate : Finished Spring Data repository scanning in 31 ms. Found 1 JPA repository interface.
2025-04-10T11:13:24.948+03:00  INFO 71632 --- [           main] o.s.b.w.embedded.tomcat.TomcatWebServer  : Tomcat initialized with port 0 (http)
2025-04-10T11:13:24.959+03:00  INFO 71632 --- [           main] o.apache.catalina.core.StandardService   : Starting service [Tomcat]
2025-04-10T11:13:24.959+03:00  INFO 71632 --- [           main] o.apache.catalina.core.StandardEngine    : Starting Servlet engine: [Apache Tomcat/10.1.39]
2025-04-10T11:13:24.998+03:00  INFO 71632 --- [           main] o.a.c.c.C.[Tomcat].[localhost].[/]       : Initializing Spring embedded WebApplicationContext
2025-04-10T11:13:24.999+03:00  INFO 71632 --- [           main] w.s.c.ServletWebServerApplicationContext : Root WebApplicationContext: initialization completed in 756 ms
2025-04-10T11:13:25.081+03:00  INFO 71632 --- [           main] com.zaxxer.hikari.HikariDataSource       : HikariPool-1 - Starting...
2025-04-10T11:13:25.199+03:00  INFO 71632 --- [           main] com.zaxxer.hikari.pool.HikariPool        : HikariPool-1 - Added connection org.postgresql.jdbc.PgConnection@a6204e4
2025-04-10T11:13:25.201+03:00  INFO 71632 --- [           main] com.zaxxer.hikari.HikariDataSource       : HikariPool-1 - Start completed.
2025-04-10T11:13:25.309+03:00  INFO 71632 --- [           main] liquibase.database                       : Set default schema name to public
2025-04-10T11:13:25.591+03:00  INFO 71632 --- [           main] liquibase.changelog                      : Creating database history table with name: public.databasechangelog
2025-04-10T11:13:25.613+03:00  INFO 71632 --- [           main] liquibase.changelog                      : Reading from public.databasechangelog
2025-04-10T11:13:25.657+03:00  INFO 71632 --- [           main] liquibase.lockservice                    : Successfully acquired change log lock
2025-04-10T11:13:25.674+03:00  INFO 71632 --- [           main] liquibase.command                        : Using deploymentId: 4272805674
2025-04-10T11:13:25.675+03:00  INFO 71632 --- [           main] liquibase.changelog                      : Reading from public.databasechangelog
Running Changeset: db/changelog/db.changelog-master.xml::1::userApplication
2025-04-10T11:13:25.689+03:00  INFO 71632 --- [           main] liquibase.changelog                      : Table wallets created
2025-04-10T11:13:25.690+03:00  INFO 71632 --- [           main] liquibase.changelog                      : ChangeSet db/changelog/db.changelog-master.xml::1::userApplication ran successfully in 6ms
2025-04-10T11:13:25.694+03:00  INFO 71632 --- [           main] liquibase.util                           : UPDATE SUMMARY
2025-04-10T11:13:25.695+03:00  INFO 71632 --- [           main] liquibase.util                           : Run:                          1
2025-04-10T11:13:25.695+03:00  INFO 71632 --- [           main] liquibase.util                           : Previously run:               0
2025-04-10T11:13:25.695+03:00  INFO 71632 --- [           main] liquibase.util                           : Filtered out:                 0
2025-04-10T11:13:25.695+03:00  INFO 71632 --- [           main] liquibase.util                           : -------------------------------
2025-04-10T11:13:25.695+03:00  INFO 71632 --- [           main] liquibase.util                           : Total change sets:            1


UPDATE SUMMARY
Run:                          1
Previously run:               0
Filtered out:                 0
-------------------------------
Total change sets:            1

2025-04-10T11:13:25.696+03:00  INFO 71632 --- [           main] liquibase.util                           : Update summary generated
2025-04-10T11:13:25.696+03:00  INFO 71632 --- [           main] liquibase.command                        : Update command completed successfully.
Liquibase: Update has been successful. Rows affected: 1
2025-04-10T11:13:25.698+03:00  INFO 71632 --- [           main] liquibase.lockservice                    : Successfully released change log lock
2025-04-10T11:13:25.698+03:00  INFO 71632 --- [           main] liquibase.command                        : Command execution complete
2025-04-10T11:13:25.755+03:00  INFO 71632 --- [           main] o.hibernate.jpa.internal.util.LogHelper  : HHH000204: Processing PersistenceUnitInfo [name: default]
2025-04-10T11:13:25.785+03:00  INFO 71632 --- [           main] org.hibernate.Version                    : HHH000412: Hibernate ORM core version 6.6.11.Final
2025-04-10T11:13:25.806+03:00  INFO 71632 --- [           main] o.h.c.internal.RegionFactoryInitiator    : HHH000026: Second-level cache disabled
2025-04-10T11:13:25.887+03:00  INFO 71632 --- [           main] o.s.o.j.p.SpringPersistenceUnitInfo      : No LoadTimeWeaver setup: ignoring JPA class transformer
2025-04-10T11:13:25.953+03:00  INFO 71632 --- [           main] org.hibernate.orm.connections.pooling    : HHH10001005: Database info:
	Database JDBC URL [Connecting through datasource 'HikariDataSource (HikariPool-1)']
	Database driver: undefined/unknown
	Database version: 16.8
	Autocommit mode: undefined/unknown
	Isolation level: undefined/unknown
	Minimum pool size: undefined/unknown
	Maximum pool size: undefined/unknown
2025-04-10T11:13:26.404+03:00  INFO 71632 --- [           main] o.h.e.t.j.p.i.JtaPlatformInitiator       : HHH000489: No JTA platform available (set 'hibernate.transaction.jta.platform' to enable JTA platform integration)
2025-04-10T11:13:26.407+03:00  INFO 71632 --- [           main] j.LocalContainerEntityManagerFactoryBean : Initialized JPA EntityManagerFactory for persistence unit 'default'
2025-04-10T11:13:26.644+03:00  WARN 71632 --- [           main] JpaBaseConfiguration$JpaWebConfiguration : spring.jpa.open-in-view is enabled by default. Therefore, database queries may be performed during view rendering. Explicitly configure spring.jpa.open-in-view to disable this warning
2025-04-10T11:13:27.010+03:00  INFO 71632 --- [           main] o.s.b.w.embedded.tomcat.TomcatWebServer  : Tomcat started on port 40721 (http) with context path '/'
2025-04-10T11:13:27.016+03:00  INFO 71632 --- [           main] B.BankTransactionServiceApplicationTests : Started BankTransactionServiceApplicationTests in 2.976 seconds (process running for 7.073)
]]></system-out>
  </testcase>
</testsuite>