<?xml version="1.0" encoding="UTF-8"?>
<testsuite xmlns:xsi="http://www.w3.org/2001/XMLSchema-instance" xsi:noNamespaceSchemaLocation="https://maven.apache.org/surefire/maven-surefire-plugin/xsd/surefire-test-report-3.0.xsd" version="3.0" name="com.example.BankTransactionService.controller.WalletControllerTest" time="0.725" tests="4" errors="0" skipped="0" failures="0">
  <properties>
[...]
</properties>
  <testcase name="testCreateNewWallet" classname="com.example.BankTransactionService.controller.WalletControllerTest" time="0.677"/>
  <testcase name="testGetAllWallets" classname="com.example.BankTransactionService.controller.WalletControllerTest" time="0.005"/>
  <testcase name="testGetBalance" classname="com.example.BankTransactionService.controller.WalletControllerTest" time="0.008"/>
  <testcase name="testPerformOperation" classname="com.example.BankTransactionService.controller.WalletControllerTest" time="0.004"/>
</testsuite>